# JRE version: Java(TM) SE Runtime Environment (18.0.2.1+1) (build 18.0.2.1+1-1)
# Java VM: Java HotSpot(TM) 64-Bit Server VM (18.0.2.1+1-1, mixed mode, sharing, tiered, compressed oops, compressed class ptrs, g1 gc, windows-amd64)
GC Precious Log:
 CardTable entry size: 512
 Card Set container configuration: InlinePtr #cards 5 size 8 Array Of Cards #cards 12 size 40 Howl #buckets 4 coarsen threshold 1843 Howl Bitmap #cards 512 size 80 coarsen threshold 460 Card regions per heap region 1 cards per card region 2048
 CPUs: 4 total, 4 available
 Memory: 8112M
 Large Page Support: Disabled
 NUMA Support: Disabled
 Compressed Oops: Enabled (32-bit)
 Heap Region Size: 1M
 Heap Min Capacity: 8M
 Heap Initial Capacity: 128M
 Heap Max Capacity: 2030M
 Pre-touch: Disabled
 Parallel Workers: 4
 Concurrent Workers: 1
 Concurrent Refinement Workers: 4
 Periodic GC: Disabled
Heap:
 garbage-first heap   total 209920K, used 118114K [0x0000000081200000, 0x0000000100000000)
  region size 1024K, 1 young (1024K), 1 survivors (1024K)
 Metaspace       used 19787K, committed 20032K, reserved 1114112K
  class space    used 2174K, committed 2304K, reserved 1048576K
GC Heap History (20 events):
Event: 76.136 GC heap after
{Heap after GC invocations=22 (full 0):
 garbage-first heap   total 209920K, used 93593K [0x0000000081200000, 0x0000000100000000)
  region size 1024K, 1 young (1024K), 1 survivors (1024K)
 Metaspace       used 19755K, committed 19968K, reserved 1114112K
  class space    used 2174K, committed 2304K, reserved 1048576K
}
Event: 76.151 GC heap before
{Heap before GC invocations=22 (full 0):
 garbage-first heap   total 209920K, used 97689K [0x0000000081200000, 0x0000000100000000)
  region size 1024K, 4 young (4096K), 1 survivors (1024K)
 Metaspace       used 19756K, committed 19968K, reserved 1114112K
  class space    used 2174K, committed 2304K, reserved 1048576K
}
Event: 76.153 GC heap after
{Heap after GC invocations=23 (full 0):
 garbage-first heap   total 209920K, used 97461K [0x0000000081200000, 0x0000000100000000)
  region size 1024K, 3 young (3072K), 3 survivors (3072K)
 Metaspace       used 19756K, committed 19968K, reserved 1114112K
  class space    used 2174K, committed 2304K, reserved 1048576K
}
Event: 76.204 GC heap before
{Heap before GC invocations=24 (full 0):
 garbage-first heap   total 209920K, used 101557K [0x0000000081200000, 0x0000000100000000)
  region size 1024K, 6 young (6144K), 3 survivors (3072K)
 Metaspace       used 19756K, committed 19968K, reserved 1114112K
  class space    used 2174K, committed 2304K, reserved 1048576K
}
Event: 76.206 GC heap after
{Heap after GC invocations=25 (full 0):
 garbage-first heap   total 209920K, used 97591K [0x0000000081200000, 0x0000000100000000)
  region size 1024K, 1 young (1024K), 1 survivors (1024K)
 Metaspace       used 19756K, committed 19968K, reserved 1114112K
  class space    used 2174K, committed 2304K, reserved 1048576K
}
Event: 76.284 GC heap before
{Heap before GC invocations=26 (full 0):
 garbage-first heap   total 209920K, used 101687K [0x0000000081200000, 0x0000000100000000)
  region size 1024K, 4 young (4096K), 1 survivors (1024K)
 Metaspace       used 19757K, committed 19968K, reserved 1114112K
  class space    used 2174K, committed 2304K, reserved 1048576K
}
Event: 76.285 GC heap after
{Heap after GC invocations=27 (full 0):
 garbage-first heap   total 209920K, used 99644K [0x0000000081200000, 0x0000000100000000)
  region size 1024K, 1 young (1024K), 1 survivors (1024K)
 Metaspace       used 19757K, committed 19968K, reserved 1114112K
  class space    used 2174K, committed 2304K, reserved 1048576K
}
Event: 76.341 GC heap before
{Heap before GC invocations=28 (full 0):
 garbage-first heap   total 209920K, used 107836K [0x0000000081200000, 0x0000000100000000)
  region size 1024K, 6 young (6144K), 1 survivors (1024K)
 Metaspace       used 19757K, committed 19968K, reserved 1114112K
  class space    used 2174K, committed 2304K, reserved 1048576K
}
Event: 76.343 GC heap after
{Heap after GC invocations=29 (full 0):
 garbage-first heap   total 209920K, used 105612K [0x0000000081200000, 0x0000000100000000)
  region size 1024K, 3 young (3072K), 3 survivors (3072K)
 Metaspace       used 19757K, committed 19968K, reserved 1114112K
  class space    used 2174K, committed 2304K, reserved 1048576K
}
Event: 76.375 GC heap before
{Heap before GC invocations=30 (full 0):
 garbage-first heap   total 209920K, used 109708K [0x0000000081200000, 0x0000000100000000)
  region size 1024K, 6 young (6144K), 3 survivors (3072K)
 Metaspace       used 19765K, committed 19968K, reserved 1114112K
  class space    used 2174K, committed 2304K, reserved 1048576K
}
Event: 76.376 GC heap after
{Heap after GC invocations=31 (full 0):
 garbage-first heap   total 209920K, used 105791K [0x0000000081200000, 0x0000000100000000)
  region size 1024K, 1 young (1024K), 1 survivors (1024K)
 Metaspace       used 19765K, committed 19968K, reserved 1114112K
  class space    used 2174K, committed 2304K, reserved 1048576K
}
Event: 76.422 GC heap before
{Heap before GC invocations=32 (full 0):
 garbage-first heap   total 209920K, used 112959K [0x0000000081200000, 0x0000000100000000)
  region size 1024K, 5 young (5120K), 1 survivors (1024K)
 Metaspace       used 19781K, committed 20032K, reserved 1114112K
  class space    used 2174K, committed 2304K, reserved 1048576K
}
Event: 76.424 GC heap after
{Heap after GC invocations=33 (full 0):
 garbage-first heap   total 209920K, used 109906K [0x0000000081200000, 0x0000000100000000)
  region size 1024K, 1 young (1024K), 1 survivors (1024K)
 Metaspace       used 19781K, committed 20032K, reserved 1114112K
  class space    used 2174K, committed 2304K, reserved 1048576K
}
Event: 76.499 GC heap before
{Heap before GC invocations=34 (full 0):
 garbage-first heap   total 209920K, used 114002K [0x0000000081200000, 0x0000000100000000)
  region size 1024K, 4 young (4096K), 1 survivors (1024K)
 Metaspace       used 19783K, committed 20032K, reserved 1114112K
  class space    used 2174K, committed 2304K, reserved 1048576K
}
Event: 76.501 GC heap after
{Heap after GC invocations=35 (full 0):
 garbage-first heap   total 209920K, used 113842K [0x0000000081200000, 0x0000000100000000)
  region size 1024K, 3 young (3072K), 3 survivors (3072K)
 Metaspace       used 19783K, committed 20032K, reserved 1114112K
  class space    used 2174K, committed 2304K, reserved 1048576K
}
Event: 76.546 GC heap before
{Heap before GC invocations=36 (full 0):
 garbage-first heap   total 209920K, used 118962K [0x0000000081200000, 0x0000000100000000)
  region size 1024K, 7 young (7168K), 3 survivors (3072K)
 Metaspace       used 19785K, committed 20032K, reserved 1114112K
  class space    used 2174K, committed 2304K, reserved 1048576K
}
Event: 76.548 GC heap after
{Heap after GC invocations=37 (full 0):
 garbage-first heap   total 209920K, used 114002K [0x0000000081200000, 0x0000000100000000)
  region size 1024K, 1 young (1024K), 1 survivors (1024K)
 Metaspace       used 19785K, committed 20032K, reserved 1114112K
  class space    used 2174K, committed 2304K, reserved 1048576K
}
Event: 76.598 GC heap before
{Heap before GC invocations=38 (full 0):
 garbage-first heap   total 209920K, used 118098K [0x0000000081200000, 0x0000000100000000)
  region size 1024K, 4 young (4096K), 1 survivors (1024K)
 Metaspace       used 19786K, committed 20032K, reserved 1114112K
  class space    used 2174K, committed 2304K, reserved 1048576K
}
Event: 76.599 GC heap after
{Heap after GC invocations=39 (full 0):
 garbage-first heap   total 209920K, used 116049K [0x0000000081200000, 0x0000000100000000)
  region size 1024K, 1 young (1024K), 1 survivors (1024K)
 Metaspace       used 19786K, committed 20032K, reserved 1114112K
  class space    used 2174K, committed 2304K, reserved 1048576K
}
Event: 76.631 GC heap before
{Heap before GC invocations=40 (full 0):
 garbage-first heap   total 209920K, used 120145K [0x0000000081200000, 0x0000000100000000)
  region size 1024K, 4 young (4096K), 1 survivors (1024K)
 Metaspace       used 19787K, committed 20032K, reserved 1114112K
  class space    used 2174K, committed 2304K, reserved 1048576K
}

